<?xml version="1.0" encoding="UTF-8"?>
<!-- Generated by org.testng.reporters.JUnitXMLReporter -->
<testsuite ignored="0" hostname="LTIN425663" failures="0" tests="3" name="Default test" time="20.172" errors="0" timestamp="2023-08-26T01:50:39 IST">
  <testcase classname="com.phptravels.TestPHPTravels" name="test1" time="6.407"/>
  <testcase classname="com.phptravels.TestPHPTravels" name="test1" time="3.318"/>
  <testcase classname="com.phptravels.TestPHPTravels" name="test1" time="3.461"/>
</testsuite> <!-- Default test -->
