<?xml version="1.0" encoding="UTF-8"?>
<!-- Generated by org.testng.reporters.JUnitXMLReporter -->
<testsuite ignored="0" hostname="LTIN425663" failures="0" tests="3" name="Default test" time="13.835" errors="0" timestamp="2023-08-25T13:51:20 IST">
  <testcase classname="com.standalone.FlipkartHeadphones" name="closingPopUp" time="5.057"/>
  <testcase classname="com.standalone.FlipkartHeadphones" name="searchingHeadphone" time="3.157"/>
  <testcase classname="com.standalone.FlipkartHeadphones" name="switchingToNextWindow" time="1.64"/>
</testsuite> <!-- Default test -->
