<?xml version="1.0" encoding="UTF-8"?>
<testng-results ignored="0" total="3" passed="3" failed="0" skipped="0">
  <reporter-output>
  </reporter-output>
  <suite started-at="2023-08-26T01:50:19 IST" name="Default suite" finished-at="2023-08-26T01:50:39 IST" duration-ms="20172">
    <groups>
    </groups>
    <test started-at="2023-08-26T01:50:19 IST" name="Default test" finished-at="2023-08-26T01:50:39 IST" duration-ms="20172">
      <class name="com.phptravels.TestPHPTravels">
        <test-method is-config="true" signature="openBrowser()[pri:0, instance:com.phptravels.TestPHPTravels@44c03695]" started-at="2023-08-26T01:50:19 IST" name="openBrowser" finished-at="2023-08-26T01:50:23 IST" duration-ms="4685" status="PASS">
          <reporter-output>
          </reporter-output>
        </test-method> <!-- openBrowser -->
        <test-method signature="test1(java.lang.String,java.lang.String)[pri:0, instance:com.phptravels.TestPHPTravels@44c03695]" started-at="2023-08-26T01:50:24 IST" name="test1" data-provider="myData" finished-at="2023-08-26T01:50:31 IST" duration-ms="6407" status="PASS">
          <params>
            <param index="0">
              <value>
                <![CDATA[sample1@gmail.com]]>
              </value>
            </param>
            <param index="1">
              <value>
                <![CDATA[Sample@123]]>
              </value>
            </param>
          </params>
          <reporter-output>
          </reporter-output>
        </test-method> <!-- test1 -->
        <test-method signature="test1(java.lang.String,java.lang.String)[pri:0, instance:com.phptravels.TestPHPTravels@44c03695]" started-at="2023-08-26T01:50:31 IST" name="test1" data-provider="myData" finished-at="2023-08-26T01:50:34 IST" duration-ms="3318" status="PASS">
          <params>
            <param index="0">
              <value>
                <![CDATA[sample2@gmail.com]]>
              </value>
            </param>
            <param index="1">
              <value>
                <![CDATA[Sample@345]]>
              </value>
            </param>
          </params>
          <reporter-output>
          </reporter-output>
        </test-method> <!-- test1 -->
        <test-method signature="test1(java.lang.String,java.lang.String)[pri:0, instance:com.phptravels.TestPHPTravels@44c03695]" started-at="2023-08-26T01:50:34 IST" name="test1" data-provider="myData" finished-at="2023-08-26T01:50:38 IST" duration-ms="3461" status="PASS">
          <params>
            <param index="0">
              <value>
                <![CDATA[sample3@gmail.com]]>
              </value>
            </param>
            <param index="1">
              <value>
                <![CDATA[Sample@678]]>
              </value>
            </param>
          </params>
          <reporter-output>
          </reporter-output>
        </test-method> <!-- test1 -->
        <test-method is-config="true" signature="tearDown()[pri:0, instance:com.phptravels.TestPHPTravels@44c03695]" started-at="2023-08-26T01:50:38 IST" name="tearDown" finished-at="2023-08-26T01:50:39 IST" duration-ms="1301" status="PASS">
          <reporter-output>
          </reporter-output>
        </test-method> <!-- tearDown -->
      </class> <!-- com.phptravels.TestPHPTravels -->
    </test> <!-- Default test -->
  </suite> <!-- Default suite -->
</testng-results>
