<?xml version="1.0" encoding="UTF-8"?>
<testng-results ignored="0" total="1" passed="1" failed="0" skipped="0">
  <reporter-output>
  </reporter-output>
  <suite started-at="2023-08-22T11:04:43 IST" name="Default suite" finished-at="2023-08-22T11:04:50 IST" duration-ms="7128">
    <groups>
    </groups>
    <test started-at="2023-08-22T11:04:43 IST" name="Default test" finished-at="2023-08-22T11:04:50 IST" duration-ms="7128">
      <class name="com.standalone.ExtentReportDemo">
        <test-method is-config="true" signature="config()[pri:0, instance:com.standalone.ExtentReportDemo@206a70ef]" started-at="2023-08-22T11:04:43 IST" name="config" finished-at="2023-08-22T11:04:43 IST" duration-ms="192" status="PASS">
          <reporter-output>
          </reporter-output>
        </test-method> <!-- config -->
        <test-method signature="testDemo()[pri:0, instance:com.standalone.ExtentReportDemo@206a70ef]" started-at="2023-08-22T11:04:43 IST" name="testDemo" finished-at="2023-08-22T11:04:49 IST" duration-ms="5467" status="PASS">
          <reporter-output>
          </reporter-output>
        </test-method> <!-- testDemo -->
        <test-method is-config="true" signature="tearDown()[pri:0, instance:com.standalone.ExtentReportDemo@206a70ef]" started-at="2023-08-22T11:04:49 IST" name="tearDown" finished-at="2023-08-22T11:04:50 IST" duration-ms="1437" status="PASS">
          <reporter-output>
          </reporter-output>
        </test-method> <!-- tearDown -->
      </class> <!-- com.standalone.ExtentReportDemo -->
    </test> <!-- Default test -->
  </suite> <!-- Default suite -->
</testng-results>
